<?xml version="1.0" encoding="UTF-8"?>
<testsuite name="JUnit Jupiter" tests="28" skipped="1" failures="0" errors="0" time="0.121" hostname="Deokui-MacBook-Pro.local" timestamp="2020-02-12T16:59:26">
<properties>
[...]
</properties>
<testcase name="multiThreadTest()" classname="net.class101.test.MultiThreadTest" time="0">
<skipped><![CDATA[void net.class101.test.MultiThreadTest.multiThreadTest() throws net.class101.etc.SoldOutException,java.lang.InterruptedException is @Disabled]]></skipped>
<system-out><![CDATA[
unique-id: [engine:junit-jupiter]/[class:net.class101.test.MultiThreadTest]/[method:multiThreadTest()]
display-name: 멀티쓰레드 재고수동기화 테스트
]]></system-out>
</testcase>
<testcase name="orderNumberCountAddTest()" classname="net.class101.ApplicationTest" time="0.038">
<system-out><![CDATA[
unique-id: [engine:junit-jupiter]/[class:net.class101.ApplicationTest]/[method:orderNumberCountAddTest()]
display-name: 주문(키트) => 같은상품 주문(+수량) => 상품 1개에 갯수추가
]]></system-out>
</testcase>
<testcase name="testOrder1Test()" classname="net.class101.ApplicationTest" time="0.004">
<system-out><![CDATA[
unique-id: [engine:junit-jupiter]/[class:net.class101.ApplicationTest]/[method:testOrder1Test()]
display-name: 정상주문 테스트-주문 pdf 1번
]]></system-out>
</testcase>
<testcase name="testOrder2Test()" classname="net.class101.ApplicationTest" time="0.002">
<system-out><![CDATA[
unique-id: [engine:junit-jupiter]/[class:net.class101.ApplicationTest]/[method:testOrder2Test()]
display-name: 정상주문 테스트-주문 pdf 2번(5만 원 미만 택배비포함)
]]></system-out>
</testcase>
<testcase name="orderNumberCount0Test()" classname="net.class101.ApplicationTest" time="0.001">
<system-out><![CDATA[
unique-id: [engine:junit-jupiter]/[class:net.class101.ApplicationTest]/[method:orderNumberCount0Test()]
display-name: 주문 => 재고 0 => 주문완료 => 같은상품 주문 => 재고없음 안내문
]]></system-out>
</testcase>
<testcase name="orderNumberLackTest()" classname="net.class101.ApplicationTest" time="0.008">
<system-out><![CDATA[
unique-id: [engine:junit-jupiter]/[class:net.class101.ApplicationTest]/[method:orderNumberLackTest()]
display-name: 같은상품을 잔고보다 많이 주문해 이후 주문에 재고없음 안내
]]></system-out>
</testcase>
<testcase name="createObjectTest()" classname="net.class101.product.ProductClassTest" time="0.001">
<system-out><![CDATA[
unique-id: [engine:junit-jupiter]/[class:net.class101.product.ProductClassTest]/[method:createObjectTest()]
display-name: 상품 오브젝트 생성 테스트
]]></system-out>
</testcase>
<testcase name="createObjectNotNullTest()" classname="net.class101.product.ProductClassTest" time="0.001">
<system-out><![CDATA[
unique-id: [engine:junit-jupiter]/[class:net.class101.product.ProductClassTest]/[method:createObjectNotNullTest()]
display-name: 상품 오브젝트 생성시 not-null 체크
]]></system-out>
</testcase>
<testcase name="sellAfterSoldOutTest()" classname="net.class101.product.ProductKitTest" time="0">
<system-out><![CDATA[
unique-id: [engine:junit-jupiter]/[class:net.class101.product.ProductKitTest]/[method:sellAfterSoldOutTest()]
display-name: 판매 후 재고수량 0개일 때 SoldOut
]]></system-out>
</testcase>
<testcase name="overSellTest()" classname="net.class101.product.ProductKitTest" time="0">
<system-out><![CDATA[
unique-id: [engine:junit-jupiter]/[class:net.class101.product.ProductKitTest]/[method:overSellTest()]
display-name: 재고수량보다 더 많이 팔 때
]]></system-out>
</testcase>
<testcase name="orderKitTest()" classname="net.class101.product.ProductKitTest" time="0">
<system-out><![CDATA[
unique-id: [engine:junit-jupiter]/[class:net.class101.product.ProductKitTest]/[method:orderKitTest()]
display-name: 주문 갯수 테스트
]]></system-out>
</testcase>
<testcase name="createObjectKitTest()" classname="net.class101.product.ProductKitTest" time="0">
<system-out><![CDATA[
unique-id: [engine:junit-jupiter]/[class:net.class101.product.ProductKitTest]/[method:createObjectKitTest()]
display-name: 키트 오브젝트 생성 테스트
]]></system-out>
</testcase>
<testcase name="createObjectNotNullTest()" classname="net.class101.product.ProductKitTest" time="0">
<system-out><![CDATA[
unique-id: [engine:junit-jupiter]/[class:net.class101.product.ProductKitTest]/[method:createObjectNotNullTest()]
display-name: 키트 오브젝트 생성시 not-null 체크
]]></system-out>
</testcase>
<testcase name="createObjectTest()" classname="net.class101.order.OrderItemTest" time="0.002">
<system-out><![CDATA[
unique-id: [engine:junit-jupiter]/[class:net.class101.order.OrderItemTest]/[method:createObjectTest()]
display-name: 오브젝트 생성 테스트
]]></system-out>
</testcase>
<testcase name="checkAmountTest()" classname="net.class101.order.OrderItemTest" time="0.001">
<system-out><![CDATA[
unique-id: [engine:junit-jupiter]/[class:net.class101.order.OrderItemTest]/[method:checkAmountTest()]
display-name: 금액비교 에러
]]></system-out>
</testcase>
<testcase name="addItemCount()" classname="net.class101.order.OrderItemTest" time="0">
<system-out><![CDATA[
unique-id: [engine:junit-jupiter]/[class:net.class101.order.OrderItemTest]/[method:addItemCount()]
display-name: 주문추가
]]></system-out>
</testcase>
<testcase name="orderStringNoDeliveryTest()" classname="net.class101.order.OrderTest" time="0.002">
<system-out><![CDATA[
unique-id: [engine:junit-jupiter]/[class:net.class101.order.OrderTest]/[method:orderStringNoDeliveryTest()]
display-name: 주문해내역 보기-배송비없이
]]></system-out>
</testcase>
<testcase name="orderStringPlusDelivaryTest()" classname="net.class101.order.OrderTest" time="0">
<system-out><![CDATA[
unique-id: [engine:junit-jupiter]/[class:net.class101.order.OrderTest]/[method:orderStringPlusDelivaryTest()]
display-name: 주문해내역 보기-배송비있게
]]></system-out>
</testcase>
<testcase name="checkStockNumTest()" classname="net.class101.order.OrderTest" time="0.001">
<system-out><![CDATA[
unique-id: [engine:junit-jupiter]/[class:net.class101.order.OrderTest]/[method:checkStockNumTest()]
display-name: 주문 후 재고가 줄어드는지 확인
]]></system-out>
</testcase>
<testcase name="addClassTest()" classname="net.class101.order.OrderTest" time="0">
<system-out><![CDATA[
unique-id: [engine:junit-jupiter]/[class:net.class101.order.OrderTest]/[method:addClassTest()]
display-name: 주문추가-클래스
]]></system-out>
</testcase>
<testcase name="addStockTest()" classname="net.class101.order.OrderTest" time="0">
<system-out><![CDATA[
unique-id: [engine:junit-jupiter]/[class:net.class101.order.OrderTest]/[method:addStockTest()]
display-name: 주문추가-키트(재고있는 상품)
]]></system-out>
</testcase>
<testcase name="duplClassTest()" classname="net.class101.order.OrderTest" time="0">
<system-out><![CDATA[
unique-id: [engine:junit-jupiter]/[class:net.class101.order.OrderTest]/[method:duplClassTest()]
display-name: [에러]주문추가-클래스중복
]]></system-out>
</testcase>
<testcase name="getProductHasStockTest()" classname="net.class101.product.ProductManagerTest" time="0">
<system-out><![CDATA[
unique-id: [engine:junit-jupiter]/[class:net.class101.product.ProductManagerTest]/[method:getProductHasStockTest()]
display-name: 키트 객체(재고있는 상품) 조회
]]></system-out>
</testcase>
<testcase name="checkStockNumSyncTest()" classname="net.class101.product.ProductManagerTest" time="0">
<system-out><![CDATA[
unique-id: [engine:junit-jupiter]/[class:net.class101.product.ProductManagerTest]/[method:checkStockNumSyncTest()]
display-name: 재고동기화 학인
]]></system-out>
</testcase>
<testcase name="getProductClassTest()" classname="net.class101.product.ProductManagerTest" time="0">
<system-out><![CDATA[
unique-id: [engine:junit-jupiter]/[class:net.class101.product.ProductManagerTest]/[method:getProductClassTest()]
display-name: 클래스 객체 조회
]]></system-out>
</testcase>
<testcase name="checkSingletonTest()" classname="net.class101.product.ProductManagerTest" time="0">
<system-out><![CDATA[
unique-id: [engine:junit-jupiter]/[class:net.class101.product.ProductManagerTest]/[method:checkSingletonTest()]
display-name: 싱글톤 오프젝트 확인
]]></system-out>
</testcase>
<testcase name="showProductListTest()" classname="net.class101.product.ProductManagerTest" time="0">
<system-out><![CDATA[
unique-id: [engine:junit-jupiter]/[class:net.class101.product.ProductManagerTest]/[method:showProductListTest()]
display-name: 상품목록 조회
]]></system-out>
</testcase>
<testcase name="checkEmptyProductTest()" classname="net.class101.product.ProductManagerTest" time="0">
<system-out><![CDATA[
unique-id: [engine:junit-jupiter]/[class:net.class101.product.ProductManagerTest]/[method:checkEmptyProductTest()]
display-name: 없는상품을 조회할 때
]]></system-out>
</testcase>
<system-out><![CDATA[
unique-id: [engine:junit-jupiter]
display-name: JUnit Jupiter
]]></system-out>
</testsuite>
